{"numFailedTestSuites":3,"numFailedTests":11,"numPassedTestSuites":1,"numPassedTests":5,"numPendingTestSuites":0,"numPendingTests":0,"numRuntimeErrorTestSuites":0,"numTodoTests":0,"numTotalTestSuites":4,"numTotalTests":16,"openHandles":[],"snapshot":{"added":0,"didUpdate":false,"failure":false,"filesAdded":0,"filesRemoved":0,"filesRemovedList":[],"filesUnmatched":0,"filesUpdated":0,"matched":0,"total":0,"unchecked":0,"uncheckedKeysByFile":[],"unmatched":0,"updated":0},"startTime":1771593342628,"success":false,"testResults":[{"assertionResults":[{"ancestorTitles":["POST /api/admin/employees"],"duration":12,"failing":false,"failureDetails":[{"matcherResult":{"actual":401,"expected":201,"message":"\u001b[2mexpect(\u001b[22m\u001b[31mreceived\u001b[39m\u001b[2m).\u001b[22mtoBe\u001b[2m(\u001b[22m\u001b[32mexpected\u001b[39m\u001b[2m) // Object.is equality\u001b[22m\n\nExpected: \u001b[32m201\u001b[39m\nReceived: \u001b[31m401\u001b[39m","name":"toBe","pass":false}}],"failureMessages":["Error: \u001b[2mexpect(\u001b[22m\u001b[31mreceived\u001b[39m\u001b[2m).\u001b[22mtoBe\u001b[2m(\u001b[22m\u001b[32mexpected\u001b[39m\u001b[2m) // Object.is equality\u001b[22m\n\nExpected: \u001b[32m201\u001b[39m\nReceived: \u001b[31m401\u001b[39m\n    at Object.toBe (/Users/pusri/Documents/Kada/backend/src/test/auth.test.js:29:32)\n    at processTicksAndRejections (node:internal/process/task_queues:95:5)"],"fullName":"POST /api/admin/employees should add a new employee","invocations":1,"location":null,"numPassingAsserts":0,"retryReasons":[],"startAt":1771593343454,"status":"failed","title":"should add a new employee"},{"ancestorTitles":["GET /api/admin/employees"],"duration":2,"failing":false,"failureDetails":[{"matcherResult":{"actual":401,"expected":200,"message":"\u001b[2mexpect(\u001b[22m\u001b[31mreceived\u001b[39m\u001b[2m).\u001b[22mtoBe\u001b[2m(\u001b[22m\u001b[32mexpected\u001b[39m\u001b[2m) // Object.is equality\u001b[22m\n\nExpected: \u001b[32m200\u001b[39m\nReceived: \u001b[31m401\u001b[39m","name":"toBe","pass":false}}],"failureMessages":["Error: \u001b[2mexpect(\u001b[22m\u001b[31mreceived\u001b[39m\u001b[2m).\u001b[22mtoBe\u001b[2m(\u001b[22m\u001b[32mexpected\u001b[39m\u001b[2m) // Object.is equality\u001b[22m\n\nExpected: \u001b[32m200\u001b[39m\nReceived: \u001b[31m401\u001b[39m\n    at Object.toBe (/Users/pusri/Documents/Kada/backend/src/test/auth.test.js:39:28)\n    at processTicksAndRejections (node:internal/process/task_queues:95:5)"],"fullName":"GET /api/admin/employees should get the list of employees","invocations":1,"location":null,"numPassingAsserts":0,"retryReasons":[],"startAt":1771593343466,"status":"failed","title":"should get the list of employees"},{"ancestorTitles":["PUT /api/admin/employees/:id"],"duration":1,"failing":false,"failureDetails":[{}],"failureMessages":["TypeError: Cannot read properties of undefined (reading 'id')\n    at Object.id (/Users/pusri/Documents/Kada/backend/src/test/auth.test.js:57:49)\n    at processTicksAndRejections (node:internal/process/task_queues:95:5)"],"fullName":"PUT /api/admin/employees/:id should edit an existing employee","invocations":1,"location":null,"numPassingAsserts":0,"retryReasons":[],"startAt":1771593343468,"status":"failed","title":"should edit an existing employee"},{"ancestorTitles":["DELETE /api/admin/employees/:id"],"duration":1,"failing":false,"failureDetails":[{}],"failureMessages":["TypeError: Cannot read properties of undefined (reading 'id')\n    at Object.id (/Users/pusri/Documents/Kada/backend/src/test/auth.test.js:89:49)\n    at processTicksAndRejections (node:internal/process/task_queues:95:5)"],"fullName":"DELETE /api/admin/employees/:id should delete an existing employee","invocations":1,"location":null,"numPassingAsserts":0,"retryReasons":[],"startAt":1771593343469,"status":"failed","title":"should delete an existing employee"},{"ancestorTitles":["POST /api/auth/login"],"duration":111,"failing":false,"failureDetails":[{"matcherResult":{"actual":401,"expected":200,"message":"\u001b[2mexpect(\u001b[22m\u001b[31mreceived\u001b[39m\u001b[2m).\u001b[22mtoBe\u001b[2m(\u001b[22m\u001b[32mexpected\u001b[39m\u001b[2m) // Object.is equality\u001b[22m\n\nExpected: \u001b[32m200\u001b[39m\nReceived: \u001b[31m401\u001b[39m","name":"toBe","pass":false}}],"failureMessages":["Error: \u001b[2mexpect(\u001b[22m\u001b[31mreceived\u001b[39m\u001b[2m).\u001b[22mtoBe\u001b[2m(\u001b[22m\u001b[32mexpected\u001b[39m\u001b[2m) // Object.is equality\u001b[22m\n\nExpected: \u001b[32m200\u001b[39m\nReceived: \u001b[31m401\u001b[39m\n    at Object.toBe (/Users/pusri/Documents/Kada/backend/src/test/auth.test.js:115:28)\n    at processTicksAndRejections (node:internal/process/task_queues:95:5)"],"fullName":"POST /api/auth/login should login an user","invocations":1,"location":null,"numPassingAsserts":0,"retryReasons":[],"startAt":1771593343470,"status":"failed","title":"should login an user"},{"ancestorTitles":["POST /api/auth/forgot-password"],"duration":69,"failing":false,"failureDetails":[{"matcherResult":{"actual":404,"expected":200,"message":"\u001b[2mexpect(\u001b[22m\u001b[31mreceived\u001b[39m\u001b[2m).\u001b[22mtoBe\u001b[2m(\u001b[22m\u001b[32mexpected\u001b[39m\u001b[2m) // Object.is equality\u001b[22m\n\nExpected: \u001b[32m200\u001b[39m\nReceived: \u001b[31m404\u001b[39m","name":"toBe","pass":false}}],"failureMessages":["Error: \u001b[2mexpect(\u001b[22m\u001b[31mreceived\u001b[39m\u001b[2m).\u001b[22mtoBe\u001b[2m(\u001b[22m\u001b[32mexpected\u001b[39m\u001b[2m) // Object.is equality\u001b[22m\n\nExpected: \u001b[32m200\u001b[39m\nReceived: \u001b[31m404\u001b[39m\n    at Object.toBe (/Users/pusri/Documents/Kada/backend/src/test/auth.test.js:133:28)\n    at processTicksAndRejections (node:internal/process/task_queues:95:5)"],"fullName":"POST /api/auth/forgot-password should initiate forgot password process","invocations":1,"location":null,"numPassingAsserts":0,"retryReasons":[],"startAt":1771593343581,"status":"failed","title":"should initiate forgot password process"},{"ancestorTitles":["POST /api/auth/logout"],"duration":2,"failing":false,"failureDetails":[],"failureMessages":[],"fullName":"POST /api/auth/logout should logout an user","invocations":1,"location":null,"numPassingAsserts":2,"retryReasons":[],"startAt":1771593343651,"status":"passed","title":"should logout an user"}],"endTime":1771593343671,"message":"\u001b[1m\u001b[31m  \u001b[1m● \u001b[22m\u001b[1mPOST /api/admin/employees › should add a new employee\u001b[39m\u001b[22m\n\n    \u001b[2mexpect(\u001b[22m\u001b[31mreceived\u001b[39m\u001b[2m).\u001b[22mtoBe\u001b[2m(\u001b[22m\u001b[32mexpected\u001b[39m\u001b[2m) // Object.is equality\u001b[22m\n\n    Expected: \u001b[32m201\u001b[39m\n    Received: \u001b[31m401\u001b[39m\n\u001b[2m\u001b[22m\n\u001b[2m    \u001b[0m \u001b[90m 27 |\u001b[39m             })\u001b[33m;\u001b[39m\u001b[22m\n\u001b[2m     \u001b[90m 28 |\u001b[39m\u001b[22m\n\u001b[2m    \u001b[31m\u001b[1m>\u001b[22m\u001b[2m\u001b[39m\u001b[90m 29 |\u001b[39m             expect(res\u001b[33m.\u001b[39mstatus)\u001b[33m.\u001b[39mtoBe(\u001b[35m201\u001b[39m)\u001b[33m;\u001b[39m\u001b[22m\n\u001b[2m     \u001b[90m    |\u001b[39m                                \u001b[31m\u001b[1m^\u001b[22m\u001b[2m\u001b[39m\u001b[22m\n\u001b[2m     \u001b[90m 30 |\u001b[39m             expect(res\u001b[33m.\u001b[39mbody)\u001b[33m.\u001b[39mtoHaveProperty(\u001b[32m'status'\u001b[39m\u001b[33m,\u001b[39m \u001b[32m'success'\u001b[39m)\u001b[33m;\u001b[39m\u001b[22m\n\u001b[2m     \u001b[90m 31 |\u001b[39m     })\u001b[33m;\u001b[39m\u001b[22m\n\u001b[2m     \u001b[90m 32 |\u001b[39m })\u001b[33m;\u001b[39m\u001b[0m\u001b[22m\n\u001b[2m\u001b[22m\n\u001b[2m      \u001b[2mat Object.toBe (\u001b[22m\u001b[2m\u001b[0m\u001b[36msrc/test/auth.test.js\u001b[39m\u001b[0m\u001b[2m:29:32)\u001b[22m\u001b[2m\u001b[22m\n\n\u001b[1m\u001b[31m  \u001b[1m● \u001b[22m\u001b[1mGET /api/admin/employees › should get the list of employees\u001b[39m\u001b[22m\n\n    \u001b[2mexpect(\u001b[22m\u001b[31mreceived\u001b[39m\u001b[2m).\u001b[22mtoBe\u001b[2m(\u001b[22m\u001b[32mexpected\u001b[39m\u001b[2m) // Object.is equality\u001b[22m\n\n    Expected: \u001b[32m200\u001b[39m\n    Received: \u001b[31m401\u001b[39m\n\u001b[2m\u001b[22m\n\u001b[2m    \u001b[0m \u001b[90m 37 |\u001b[39m             \u001b[33m.\u001b[39m\u001b[36mget\u001b[39m(\u001b[32m'/api/admin/employees'\u001b[39m)\u001b[33m;\u001b[39m\u001b[22m\n\u001b[2m     \u001b[90m 38 |\u001b[39m\u001b[22m\n\u001b[2m    \u001b[31m\u001b[1m>\u001b[22m\u001b[2m\u001b[39m\u001b[90m 39 |\u001b[39m         expect(res\u001b[33m.\u001b[39mstatus)\u001b[33m.\u001b[39mtoBe(\u001b[35m200\u001b[39m)\u001b[33m;\u001b[39m\u001b[22m\n\u001b[2m     \u001b[90m    |\u001b[39m                            \u001b[31m\u001b[1m^\u001b[22m\u001b[2m\u001b[39m\u001b[22m\n\u001b[2m     \u001b[90m 40 |\u001b[39m         expect(res\u001b[33m.\u001b[39mbody)\u001b[33m.\u001b[39mtoHaveProperty(\u001b[32m'status'\u001b[39m\u001b[33m,\u001b[39m \u001b[32m'success'\u001b[39m)\u001b[33m;\u001b[39m\u001b[22m\n\u001b[2m     \u001b[90m 41 |\u001b[39m         expect(\u001b[33mArray\u001b[39m\u001b[33m.\u001b[39misArray(res\u001b[33m.\u001b[39mbody\u001b[33m.\u001b[39mdata))\u001b[33m.\u001b[39mtoBe(\u001b[36mtrue\u001b[39m)\u001b[33m;\u001b[39m\u001b[22m\n\u001b[2m     \u001b[90m 42 |\u001b[39m     })\u001b[33m;\u001b[39m\u001b[0m\u001b[22m\n\u001b[2m\u001b[22m\n\u001b[2m      \u001b[2mat Object.toBe (\u001b[22m\u001b[2m\u001b[0m\u001b[36msrc/test/auth.test.js\u001b[39m\u001b[0m\u001b[2m:39:28)\u001b[22m\u001b[2m\u001b[22m\n\n\u001b[1m\u001b[31m  \u001b[1m● \u001b[22m\u001b[1mPUT /api/admin/employees/:id › should edit an existing employee\u001b[39m\u001b[22m\n\n    TypeError: Cannot read properties of undefined (reading 'id')\n\u001b[2m\u001b[22m\n\u001b[2m    \u001b[0m \u001b[90m 55 |\u001b[39m             })\u001b[33m;\u001b[39m\u001b[22m\n\u001b[2m     \u001b[90m 56 |\u001b[39m\u001b[22m\n\u001b[2m    \u001b[31m\u001b[1m>\u001b[22m\u001b[2m\u001b[39m\u001b[90m 57 |\u001b[39m             \u001b[36mconst\u001b[39m employeeId \u001b[33m=\u001b[39m addRes\u001b[33m.\u001b[39mbody\u001b[33m.\u001b[39mdata\u001b[33m.\u001b[39mid\u001b[33m;\u001b[39m\u001b[22m\n\u001b[2m     \u001b[90m    |\u001b[39m                                                 \u001b[31m\u001b[1m^\u001b[22m\u001b[2m\u001b[39m\u001b[22m\n\u001b[2m     \u001b[90m 58 |\u001b[39m\u001b[22m\n\u001b[2m     \u001b[90m 59 |\u001b[39m         \u001b[90m// Now, edit the employee\u001b[39m\u001b[22m\n\u001b[2m     \u001b[90m 60 |\u001b[39m         \u001b[36mconst\u001b[39m editRes \u001b[33m=\u001b[39m \u001b[36mawait\u001b[39m request(app)\u001b[0m\u001b[22m\n\u001b[2m\u001b[22m\n\u001b[2m      \u001b[2mat Object.id (\u001b[22m\u001b[2m\u001b[0m\u001b[36msrc/test/auth.test.js\u001b[39m\u001b[0m\u001b[2m:57:49)\u001b[22m\u001b[2m\u001b[22m\n\n\u001b[1m\u001b[31m  \u001b[1m● \u001b[22m\u001b[1mDELETE /api/admin/employees/:id › should delete an existing employee\u001b[39m\u001b[22m\n\n    TypeError: Cannot read properties of undefined (reading 'id')\n\u001b[2m\u001b[22m\n\u001b[2m    \u001b[0m \u001b[90m 87 |\u001b[39m             })\u001b[33m;\u001b[39m\u001b[22m\n\u001b[2m     \u001b[90m 88 |\u001b[39m\u001b[22m\n\u001b[2m    \u001b[31m\u001b[1m>\u001b[22m\u001b[2m\u001b[39m\u001b[90m 89 |\u001b[39m             \u001b[36mconst\u001b[39m employeeId \u001b[33m=\u001b[39m addRes\u001b[33m.\u001b[39mbody\u001b[33m.\u001b[39mdata\u001b[33m.\u001b[39mid\u001b[33m;\u001b[39m\u001b[22m\n\u001b[2m     \u001b[90m    |\u001b[39m                                                 \u001b[31m\u001b[1m^\u001b[22m\u001b[2m\u001b[39m\u001b[22m\n\u001b[2m     \u001b[90m 90 |\u001b[39m\u001b[22m\n\u001b[2m     \u001b[90m 91 |\u001b[39m         \u001b[90m// Now, delete the employee\u001b[39m\u001b[22m\n\u001b[2m     \u001b[90m 92 |\u001b[39m         \u001b[36mconst\u001b[39m deleteRes \u001b[33m=\u001b[39m \u001b[36mawait\u001b[39m request(app)\u001b[0m\u001b[22m\n\u001b[2m\u001b[22m\n\u001b[2m      \u001b[2mat Object.id (\u001b[22m\u001b[2m\u001b[0m\u001b[36msrc/test/auth.test.js\u001b[39m\u001b[0m\u001b[2m:89:49)\u001b[22m\u001b[2m\u001b[22m\n\n\u001b[1m\u001b[31m  \u001b[1m● \u001b[22m\u001b[1mPOST /api/auth/login › should login an user\u001b[39m\u001b[22m\n\n    \u001b[2mexpect(\u001b[22m\u001b[31mreceived\u001b[39m\u001b[2m).\u001b[22mtoBe\u001b[2m(\u001b[22m\u001b[32mexpected\u001b[39m\u001b[2m) // Object.is equality\u001b[22m\n\n    Expected: \u001b[32m200\u001b[39m\n    Received: \u001b[31m401\u001b[39m\n\u001b[2m\u001b[22m\n\u001b[2m    \u001b[0m \u001b[90m 113 |\u001b[39m         })\u001b[33m;\u001b[39m\u001b[22m\n\u001b[2m     \u001b[90m 114 |\u001b[39m\u001b[22m\n\u001b[2m    \u001b[31m\u001b[1m>\u001b[22m\u001b[2m\u001b[39m\u001b[90m 115 |\u001b[39m         expect(res\u001b[33m.\u001b[39mstatus)\u001b[33m.\u001b[39mtoBe(\u001b[35m200\u001b[39m)\u001b[33m;\u001b[39m\u001b[22m\n\u001b[2m     \u001b[90m     |\u001b[39m                            \u001b[31m\u001b[1m^\u001b[22m\u001b[2m\u001b[39m\u001b[22m\n\u001b[2m     \u001b[90m 116 |\u001b[39m         expect(res\u001b[33m.\u001b[39mbody)\u001b[33m.\u001b[39mtoHaveProperty(\u001b[32m'token'\u001b[39m)\u001b[33m;\u001b[39m\u001b[22m\n\u001b[2m     \u001b[90m 117 |\u001b[39m         expect(res\u001b[33m.\u001b[39mbody)\u001b[33m.\u001b[39mtoHaveProperty(\u001b[32m'user'\u001b[39m)\u001b[33m;\u001b[39m\u001b[22m\n\u001b[2m     \u001b[90m 118 |\u001b[39m     })\u001b[33m;\u001b[39m\u001b[0m\u001b[22m\n\u001b[2m\u001b[22m\n\u001b[2m      \u001b[2mat Object.toBe (\u001b[22m\u001b[2m\u001b[0m\u001b[36msrc/test/auth.test.js\u001b[39m\u001b[0m\u001b[2m:115:28)\u001b[22m\u001b[2m\u001b[22m\n\n\u001b[1m\u001b[31m  \u001b[1m● \u001b[22m\u001b[1mPOST /api/auth/forgot-password › should initiate forgot password process\u001b[39m\u001b[22m\n\n    \u001b[2mexpect(\u001b[22m\u001b[31mreceived\u001b[39m\u001b[2m).\u001b[22mtoBe\u001b[2m(\u001b[22m\u001b[32mexpected\u001b[39m\u001b[2m) // Object.is equality\u001b[22m\n\n    Expected: \u001b[32m200\u001b[39m\n    Received: \u001b[31m404\u001b[39m\n\u001b[2m\u001b[22m\n\u001b[2m    \u001b[0m \u001b[90m 131 |\u001b[39m         \u001b[33m.\u001b[39msend({ email })\u001b[33m;\u001b[39m\u001b[22m\n\u001b[2m     \u001b[90m 132 |\u001b[39m\u001b[22m\n\u001b[2m    \u001b[31m\u001b[1m>\u001b[22m\u001b[2m\u001b[39m\u001b[90m 133 |\u001b[39m         expect(res\u001b[33m.\u001b[39mstatus)\u001b[33m.\u001b[39mtoBe(\u001b[35m200\u001b[39m)\u001b[33m;\u001b[39m\u001b[22m\n\u001b[2m     \u001b[90m     |\u001b[39m                            \u001b[31m\u001b[1m^\u001b[22m\u001b[2m\u001b[39m\u001b[22m\n\u001b[2m     \u001b[90m 134 |\u001b[39m         expect(res\u001b[33m.\u001b[39mbody)\u001b[33m.\u001b[39mtoHaveProperty(\u001b[32m'message'\u001b[39m)\u001b[33m;\u001b[39m\u001b[22m\n\u001b[2m     \u001b[90m 135 |\u001b[39m     })\u001b[33m;\u001b[39m\u001b[22m\n\u001b[2m     \u001b[90m 136 |\u001b[39m })\u001b[33m;\u001b[39m\u001b[0m\u001b[22m\n\u001b[2m\u001b[22m\n\u001b[2m      \u001b[2mat Object.toBe (\u001b[22m\u001b[2m\u001b[0m\u001b[36msrc/test/auth.test.js\u001b[39m\u001b[0m\u001b[2m:133:28)\u001b[22m\u001b[2m\u001b[22m\n","name":"/Users/pusri/Documents/Kada/backend/src/test/auth.test.js","startTime":1771593342660,"status":"failed","summary":""},{"assertionResults":[{"ancestorTitles":["Collaborator API"],"duration":13,"failing":false,"failureDetails":[{"matcherResult":{"message":"\u001b[2mexpect(\u001b[22m\u001b[31mreceived\u001b[39m\u001b[2m).\u001b[22mtoHaveProperty\u001b[2m(\u001b[22m\u001b[32mpath\u001b[39m\u001b[2m, \u001b[22m\u001b[32mvalue\u001b[39m\u001b[2m)\u001b[22m\n\nExpected path: \u001b[32m\"message\"\u001b[39m\n\nExpected value: \u001b[32m\"Collaborator added\"\u001b[39m\nReceived value: \u001b[31m\"Collaborator added\u001b[7m with edit access\u001b[27m\"\u001b[39m","pass":false}}],"failureMessages":["Error: \u001b[2mexpect(\u001b[22m\u001b[31mreceived\u001b[39m\u001b[2m).\u001b[22mtoHaveProperty\u001b[2m(\u001b[22m\u001b[32mpath\u001b[39m\u001b[2m, \u001b[22m\u001b[32mvalue\u001b[39m\u001b[2m)\u001b[22m\n\nExpected path: \u001b[32m\"message\"\u001b[39m\n\nExpected value: \u001b[32m\"Collaborator added\"\u001b[39m\nReceived value: \u001b[31m\"Collaborator added\u001b[7m with edit access\u001b[27m\"\u001b[39m\n    at Object.toHaveProperty (/Users/pusri/Documents/Kada/backend/src/test/collaborator.test.js:66:22)\n    at processTicksAndRejections (node:internal/process/task_queues:95:5)"],"fullName":"Collaborator API should add a collaborator to a worklog","invocations":1,"location":null,"numPassingAsserts":1,"retryReasons":[],"startAt":1771593344569,"status":"failed","title":"should add a collaborator to a worklog"},{"ancestorTitles":["Collaborator API"],"duration":10,"failing":false,"failureDetails":[],"failureMessages":[],"fullName":"Collaborator API should get all collaborators of a worklog","invocations":1,"location":null,"numPassingAsserts":3,"retryReasons":[],"startAt":1771593344583,"status":"passed","title":"should get all collaborators of a worklog"},{"ancestorTitles":["Collaborator API"],"duration":4,"failing":false,"failureDetails":[],"failureMessages":[],"fullName":"Collaborator API should remove a collaborator from a worklog","invocations":1,"location":null,"numPassingAsserts":2,"retryReasons":[],"startAt":1771593344593,"status":"passed","title":"should remove a collaborator from a worklog"}],"endTime":1771593344714,"message":"\u001b[1m\u001b[31m  \u001b[1m● \u001b[22m\u001b[1mCollaborator API › should add a collaborator to a worklog\u001b[39m\u001b[22m\n\n    \u001b[2mexpect(\u001b[22m\u001b[31mreceived\u001b[39m\u001b[2m).\u001b[22mtoHaveProperty\u001b[2m(\u001b[22m\u001b[32mpath\u001b[39m\u001b[2m, \u001b[22m\u001b[32mvalue\u001b[39m\u001b[2m)\u001b[22m\n\n    Expected path: \u001b[32m\"message\"\u001b[39m\n\n    Expected value: \u001b[32m\"Collaborator added\"\u001b[39m\n    Received value: \u001b[31m\"Collaborator added\u001b[7m with edit access\u001b[27m\"\u001b[39m\n\u001b[2m\u001b[22m\n\u001b[2m    \u001b[0m \u001b[90m 64 |\u001b[39m\u001b[22m\n\u001b[2m     \u001b[90m 65 |\u001b[39m     expect(res\u001b[33m.\u001b[39mstatusCode)\u001b[33m.\u001b[39mtoBe(\u001b[35m200\u001b[39m)\u001b[33m;\u001b[39m\u001b[22m\n\u001b[2m    \u001b[31m\u001b[1m>\u001b[22m\u001b[2m\u001b[39m\u001b[90m 66 |\u001b[39m     expect(res\u001b[33m.\u001b[39mbody)\u001b[33m.\u001b[39mtoHaveProperty(\u001b[32m\"message\"\u001b[39m\u001b[33m,\u001b[39m \u001b[32m\"Collaborator added\"\u001b[39m)\u001b[33m;\u001b[39m\u001b[22m\n\u001b[2m     \u001b[90m    |\u001b[39m                      \u001b[31m\u001b[1m^\u001b[22m\u001b[2m\u001b[39m\u001b[22m\n\u001b[2m     \u001b[90m 67 |\u001b[39m     expect(res\u001b[33m.\u001b[39mbody\u001b[33m.\u001b[39mlog\u001b[33m.\u001b[39mcollaborators)\u001b[33m.\u001b[39mtoContainEqual(expect\u001b[33m.\u001b[39many(\u001b[33mString\u001b[39m))\u001b[33m;\u001b[39m\u001b[22m\n\u001b[2m     \u001b[90m 68 |\u001b[39m   })\u001b[33m;\u001b[39m\u001b[22m\n\u001b[2m     \u001b[90m 69 |\u001b[39m\u001b[0m\u001b[22m\n\u001b[2m\u001b[22m\n\u001b[2m      \u001b[2mat Object.toHaveProperty (\u001b[22m\u001b[2m\u001b[0m\u001b[36msrc/test/collaborator.test.js\u001b[39m\u001b[0m\u001b[2m:66:22)\u001b[22m\u001b[2m\u001b[22m\n","name":"/Users/pusri/Documents/Kada/backend/src/test/collaborator.test.js","startTime":1771593343680,"status":"failed","summary":""},{"assertionResults":[{"ancestorTitles":["WorkLog API"],"duration":373,"failing":false,"failureDetails":[{"matcherResult":{"actual":500,"expected":201,"message":"\u001b[2mexpect(\u001b[22m\u001b[31mreceived\u001b[39m\u001b[2m).\u001b[22mtoBe\u001b[2m(\u001b[22m\u001b[32mexpected\u001b[39m\u001b[2m) // Object.is equality\u001b[22m\n\nExpected: \u001b[32m201\u001b[39m\nReceived: \u001b[31m500\u001b[39m","name":"toBe","pass":false}}],"failureMessages":["Error: \u001b[2mexpect(\u001b[22m\u001b[31mreceived\u001b[39m\u001b[2m).\u001b[22mtoBe\u001b[2m(\u001b[22m\u001b[32mexpected\u001b[39m\u001b[2m) // Object.is equality\u001b[22m\n\nExpected: \u001b[32m201\u001b[39m\nReceived: \u001b[31m500\u001b[39m\n    at Object.toBe (/Users/pusri/Documents/Kada/backend/src/test/worklog.test.js:65:28)\n    at processTicksAndRejections (node:internal/process/task_queues:95:5)"],"fullName":"WorkLog API should create a new worklog","invocations":1,"location":null,"numPassingAsserts":0,"retryReasons":[],"startAt":1771593345424,"status":"failed","title":"should create a new worklog"},{"ancestorTitles":["WorkLog API"],"duration":2,"failing":false,"failureDetails":[{"matcherResult":{"actual":404,"expected":200,"message":"\u001b[2mexpect(\u001b[22m\u001b[31mreceived\u001b[39m\u001b[2m).\u001b[22mtoBe\u001b[2m(\u001b[22m\u001b[32mexpected\u001b[39m\u001b[2m) // Object.is equality\u001b[22m\n\nExpected: \u001b[32m200\u001b[39m\nReceived: \u001b[31m404\u001b[39m","name":"toBe","pass":false}}],"failureMessages":["Error: \u001b[2mexpect(\u001b[22m\u001b[31mreceived\u001b[39m\u001b[2m).\u001b[22mtoBe\u001b[2m(\u001b[22m\u001b[32mexpected\u001b[39m\u001b[2m) // Object.is equality\u001b[22m\n\nExpected: \u001b[32m200\u001b[39m\nReceived: \u001b[31m404\u001b[39m\n    at Object.toBe (/Users/pusri/Documents/Kada/backend/src/test/worklog.test.js:77:28)\n    at processTicksAndRejections (node:internal/process/task_queues:95:5)"],"fullName":"WorkLog API should get all worklogs","invocations":1,"location":null,"numPassingAsserts":0,"retryReasons":[],"startAt":1771593345798,"status":"failed","title":"should get all worklogs"},{"ancestorTitles":["WorkLog API"],"duration":7,"failing":false,"failureDetails":[{"matcherResult":{"actual":500,"expected":200,"message":"\u001b[2mexpect(\u001b[22m\u001b[31mreceived\u001b[39m\u001b[2m).\u001b[22mtoBe\u001b[2m(\u001b[22m\u001b[32mexpected\u001b[39m\u001b[2m) // Object.is equality\u001b[22m\n\nExpected: \u001b[32m200\u001b[39m\nReceived: \u001b[31m500\u001b[39m","name":"toBe","pass":false}}],"failureMessages":["Error: \u001b[2mexpect(\u001b[22m\u001b[31mreceived\u001b[39m\u001b[2m).\u001b[22mtoBe\u001b[2m(\u001b[22m\u001b[32mexpected\u001b[39m\u001b[2m) // Object.is equality\u001b[22m\n\nExpected: \u001b[32m200\u001b[39m\nReceived: \u001b[31m500\u001b[39m\n    at Object.toBe (/Users/pusri/Documents/Kada/backend/src/test/worklog.test.js:89:28)\n    at processTicksAndRejections (node:internal/process/task_queues:95:5)"],"fullName":"WorkLog API should edit a worklog","invocations":1,"location":null,"numPassingAsserts":0,"retryReasons":[],"startAt":1771593345800,"status":"failed","title":"should edit a worklog"},{"ancestorTitles":["WorkLog API"],"duration":4,"failing":false,"failureDetails":[{"matcherResult":{"actual":500,"expected":200,"message":"\u001b[2mexpect(\u001b[22m\u001b[31mreceived\u001b[39m\u001b[2m).\u001b[22mtoBe\u001b[2m(\u001b[22m\u001b[32mexpected\u001b[39m\u001b[2m) // Object.is equality\u001b[22m\n\nExpected: \u001b[32m200\u001b[39m\nReceived: \u001b[31m500\u001b[39m","name":"toBe","pass":false}}],"failureMessages":["Error: \u001b[2mexpect(\u001b[22m\u001b[31mreceived\u001b[39m\u001b[2m).\u001b[22mtoBe\u001b[2m(\u001b[22m\u001b[32mexpected\u001b[39m\u001b[2m) // Object.is equality\u001b[22m\n\nExpected: \u001b[32m200\u001b[39m\nReceived: \u001b[31m500\u001b[39m\n    at Object.toBe (/Users/pusri/Documents/Kada/backend/src/test/worklog.test.js:99:28)\n    at processTicksAndRejections (node:internal/process/task_queues:95:5)"],"fullName":"WorkLog API should delete a worklog","invocations":1,"location":null,"numPassingAsserts":0,"retryReasons":[],"startAt":1771593345807,"status":"failed","title":"should delete a worklog"}],"endTime":1771593345937,"message":"\u001b[1m\u001b[31m  \u001b[1m● \u001b[22m\u001b[1mWorkLog API › should create a new worklog\u001b[39m\u001b[22m\n\n    \u001b[2mexpect(\u001b[22m\u001b[31mreceived\u001b[39m\u001b[2m).\u001b[22mtoBe\u001b[2m(\u001b[22m\u001b[32mexpected\u001b[39m\u001b[2m) // Object.is equality\u001b[22m\n\n    Expected: \u001b[32m201\u001b[39m\n    Received: \u001b[31m500\u001b[39m\n\u001b[2m\u001b[22m\n\u001b[2m    \u001b[0m \u001b[90m 63 |\u001b[39m       })\u001b[33m;\u001b[39m\u001b[22m\n\u001b[2m     \u001b[90m 64 |\u001b[39m\u001b[22m\n\u001b[2m    \u001b[31m\u001b[1m>\u001b[22m\u001b[2m\u001b[39m\u001b[90m 65 |\u001b[39m     expect(res\u001b[33m.\u001b[39mstatusCode)\u001b[33m.\u001b[39mtoBe(\u001b[35m201\u001b[39m)\u001b[33m;\u001b[39m\u001b[22m\n\u001b[2m     \u001b[90m    |\u001b[39m                            \u001b[31m\u001b[1m^\u001b[22m\u001b[2m\u001b[39m\u001b[22m\n\u001b[2m     \u001b[90m 66 |\u001b[39m     expect(res\u001b[33m.\u001b[39mbody)\u001b[33m.\u001b[39mtoHaveProperty(\u001b[32m\"_id\"\u001b[39m)\u001b[33m;\u001b[39m\u001b[22m\n\u001b[2m     \u001b[90m 67 |\u001b[39m     expect(res\u001b[33m.\u001b[39mbody\u001b[33m.\u001b[39mtitle)\u001b[33m.\u001b[39mtoBe(\u001b[32m\"Daily Standup\"\u001b[39m)\u001b[33m;\u001b[39m\u001b[22m\n\u001b[2m     \u001b[90m 68 |\u001b[39m     worklogId \u001b[33m=\u001b[39m res\u001b[33m.\u001b[39mbody\u001b[33m.\u001b[39m_id\u001b[33m;\u001b[39m\u001b[0m\u001b[22m\n\u001b[2m\u001b[22m\n\u001b[2m      \u001b[2mat Object.toBe (\u001b[22m\u001b[2m\u001b[0m\u001b[36msrc/test/worklog.test.js\u001b[39m\u001b[0m\u001b[2m:65:28)\u001b[22m\u001b[2m\u001b[22m\n\n\u001b[1m\u001b[31m  \u001b[1m● \u001b[22m\u001b[1mWorkLog API › should get all worklogs\u001b[39m\u001b[22m\n\n    \u001b[2mexpect(\u001b[22m\u001b[31mreceived\u001b[39m\u001b[2m).\u001b[22mtoBe\u001b[2m(\u001b[22m\u001b[32mexpected\u001b[39m\u001b[2m) // Object.is equality\u001b[22m\n\n    Expected: \u001b[32m200\u001b[39m\n    Received: \u001b[31m404\u001b[39m\n\u001b[2m\u001b[22m\n\u001b[2m    \u001b[0m \u001b[90m 75 |\u001b[39m       \u001b[33m.\u001b[39m\u001b[36mset\u001b[39m(\u001b[32m\"Authorization\"\u001b[39m\u001b[33m,\u001b[39m \u001b[32m`Bearer ${token}`\u001b[39m)\u001b[33m;\u001b[39m\u001b[22m\n\u001b[2m     \u001b[90m 76 |\u001b[39m\u001b[22m\n\u001b[2m    \u001b[31m\u001b[1m>\u001b[22m\u001b[2m\u001b[39m\u001b[90m 77 |\u001b[39m     expect(res\u001b[33m.\u001b[39mstatusCode)\u001b[33m.\u001b[39mtoBe(\u001b[35m200\u001b[39m)\u001b[33m;\u001b[39m\u001b[22m\n\u001b[2m     \u001b[90m    |\u001b[39m                            \u001b[31m\u001b[1m^\u001b[22m\u001b[2m\u001b[39m\u001b[22m\n\u001b[2m     \u001b[90m 78 |\u001b[39m     expect(\u001b[33mArray\u001b[39m\u001b[33m.\u001b[39misArray(res\u001b[33m.\u001b[39mbody))\u001b[33m.\u001b[39mtoBe(\u001b[36mtrue\u001b[39m)\u001b[33m;\u001b[39m\u001b[22m\n\u001b[2m     \u001b[90m 79 |\u001b[39m     expect(res\u001b[33m.\u001b[39mbody\u001b[33m.\u001b[39mlength)\u001b[33m.\u001b[39mtoBeGreaterThan(\u001b[35m0\u001b[39m)\u001b[33m;\u001b[39m\u001b[22m\n\u001b[2m     \u001b[90m 80 |\u001b[39m   })\u001b[33m;\u001b[39m\u001b[0m\u001b[22m\n\u001b[2m\u001b[22m\n\u001b[2m      \u001b[2mat Object.toBe (\u001b[22m\u001b[2m\u001b[0m\u001b[36msrc/test/worklog.test.js\u001b[39m\u001b[0m\u001b[2m:77:28)\u001b[22m\u001b[2m\u001b[22m\n\n\u001b[1m\u001b[31m  \u001b[1m● \u001b[22m\u001b[1mWorkLog API › should edit a worklog\u001b[39m\u001b[22m\n\n    \u001b[2mexpect(\u001b[22m\u001b[31mreceived\u001b[39m\u001b[2m).\u001b[22mtoBe\u001b[2m(\u001b[22m\u001b[32mexpected\u001b[39m\u001b[2m) // Object.is equality\u001b[22m\n\n    Expected: \u001b[32m200\u001b[39m\n    Received: \u001b[31m500\u001b[39m\n\u001b[2m\u001b[22m\n\u001b[2m    \u001b[0m \u001b[90m 87 |\u001b[39m       \u001b[33m.\u001b[39msend({ content\u001b[33m:\u001b[39m \u001b[32m\"Updated content after standup meeting\"\u001b[39m })\u001b[33m;\u001b[39m\u001b[22m\n\u001b[2m     \u001b[90m 88 |\u001b[39m\u001b[22m\n\u001b[2m    \u001b[31m\u001b[1m>\u001b[22m\u001b[2m\u001b[39m\u001b[90m 89 |\u001b[39m     expect(res\u001b[33m.\u001b[39mstatusCode)\u001b[33m.\u001b[39mtoBe(\u001b[35m200\u001b[39m)\u001b[33m;\u001b[39m\u001b[22m\n\u001b[2m     \u001b[90m    |\u001b[39m                            \u001b[31m\u001b[1m^\u001b[22m\u001b[2m\u001b[39m\u001b[22m\n\u001b[2m     \u001b[90m 90 |\u001b[39m     expect(res\u001b[33m.\u001b[39mbody\u001b[33m.\u001b[39mcontent)\u001b[33m.\u001b[39mtoBe(\u001b[32m\"Updated content after standup meeting\"\u001b[39m)\u001b[33m;\u001b[39m\u001b[22m\n\u001b[2m     \u001b[90m 91 |\u001b[39m   })\u001b[33m;\u001b[39m\u001b[22m\n\u001b[2m     \u001b[90m 92 |\u001b[39m\u001b[0m\u001b[22m\n\u001b[2m\u001b[22m\n\u001b[2m      \u001b[2mat Object.toBe (\u001b[22m\u001b[2m\u001b[0m\u001b[36msrc/test/worklog.test.js\u001b[39m\u001b[0m\u001b[2m:89:28)\u001b[22m\u001b[2m\u001b[22m\n\n\u001b[1m\u001b[31m  \u001b[1m● \u001b[22m\u001b[1mWorkLog API › should delete a worklog\u001b[39m\u001b[22m\n\n    \u001b[2mexpect(\u001b[22m\u001b[31mreceived\u001b[39m\u001b[2m).\u001b[22mtoBe\u001b[2m(\u001b[22m\u001b[32mexpected\u001b[39m\u001b[2m) // Object.is equality\u001b[22m\n\n    Expected: \u001b[32m200\u001b[39m\n    Received: \u001b[31m500\u001b[39m\n\u001b[2m\u001b[22m\n\u001b[2m    \u001b[0m \u001b[90m  97 |\u001b[39m       \u001b[33m.\u001b[39m\u001b[36mset\u001b[39m(\u001b[32m\"Authorization\"\u001b[39m\u001b[33m,\u001b[39m \u001b[32m`Bearer ${token}`\u001b[39m)\u001b[33m;\u001b[39m\u001b[22m\n\u001b[2m     \u001b[90m  98 |\u001b[39m\u001b[22m\n\u001b[2m    \u001b[31m\u001b[1m>\u001b[22m\u001b[2m\u001b[39m\u001b[90m  99 |\u001b[39m     expect(res\u001b[33m.\u001b[39mstatusCode)\u001b[33m.\u001b[39mtoBe(\u001b[35m200\u001b[39m)\u001b[33m;\u001b[39m\u001b[22m\n\u001b[2m     \u001b[90m     |\u001b[39m                            \u001b[31m\u001b[1m^\u001b[22m\u001b[2m\u001b[39m\u001b[22m\n\u001b[2m     \u001b[90m 100 |\u001b[39m     expect(res\u001b[33m.\u001b[39mbody\u001b[33m.\u001b[39mmessage)\u001b[33m.\u001b[39mtoBe(\u001b[32m\"WorkLog deleted successfully\"\u001b[39m)\u001b[33m;\u001b[39m\u001b[22m\n\u001b[2m     \u001b[90m 101 |\u001b[39m   })\u001b[33m;\u001b[39m\u001b[22m\n\u001b[2m     \u001b[90m 102 |\u001b[39m })\u001b[33m;\u001b[39m\u001b[0m\u001b[22m\n\u001b[2m\u001b[22m\n\u001b[2m      \u001b[2mat Object.toBe (\u001b[22m\u001b[2m\u001b[0m\u001b[36msrc/test/worklog.test.js\u001b[39m\u001b[0m\u001b[2m:99:28)\u001b[22m\u001b[2m\u001b[22m\n","name":"/Users/pusri/Documents/Kada/backend/src/test/worklog.test.js","startTime":1771593344717,"status":"failed","summary":""},{"assertionResults":[{"ancestorTitles":["WorkLog Versions API"],"duration":21,"failing":false,"failureDetails":[],"failureMessages":[],"fullName":"WorkLog Versions API should add a new version (log history) to a worklog","invocations":1,"location":null,"numPassingAsserts":4,"retryReasons":[],"startAt":1771593346683,"status":"passed","title":"should add a new version (log history) to a worklog"},{"ancestorTitles":["WorkLog Versions API"],"duration":13,"failing":false,"failureDetails":[],"failureMessages":[],"fullName":"WorkLog Versions API should get all versions (log history) for a worklog","invocations":1,"location":null,"numPassingAsserts":4,"retryReasons":[],"startAt":1771593346704,"status":"passed","title":"should get all versions (log history) for a worklog"}],"endTime":1771593346837,"message":"","name":"/Users/pusri/Documents/Kada/backend/src/test/version.test.js","startTime":1771593345939,"status":"passed","summary":""}],"wasInterrupted":false}
